  main.cpp
e:\dropbox\university\level 4\advanced programming\mini-golf david_george\main.cpp(215): warning C4018: '<=': signed/unsigned mismatch
  networkclient.h
  networkserver.h
  simulation.cpp
  stdafx.cpp
  Generating code
  All 929 functions were compiled because no usable IPDB/IOBJ from previous compilation was found.
  Finished generating code
glui32.lib(algebra3.obj) : warning LNK4099: PDB '_glui library.pdb' was not found with 'glui32.lib(algebra3.obj)' or at 'E:\Dropbox\University\Level 4\Advanced Programming\Mini-Golf David_George\Release\_glui library.pdb'; linking object as if no debug info
glui32.lib(arcball.obj) : warning LNK4099: PDB '_glui library.pdb' was not found with 'glui32.lib(arcball.obj)' or at 'E:\Dropbox\University\Level 4\Advanced Programming\Mini-Golf David_George\Release\_glui library.pdb'; linking object as if no debug info
glui32.lib(glui.obj) : warning LNK4099: PDB '_glui library.pdb' was not found with 'glui32.lib(glui.obj)' or at 'E:\Dropbox\University\Level 4\Advanced Programming\Mini-Golf David_George\Release\_glui library.pdb'; linking object as if no debug info
glui32.lib(glui_add_controls.obj) : warning LNK4099: PDB '_glui library.pdb' was not found with 'glui32.lib(glui_add_controls.obj)' or at 'E:\Dropbox\University\Level 4\Advanced Programming\Mini-Golf David_George\Release\_glui library.pdb'; linking object as if no debug info
glui32.lib(glui_bitmaps.obj) : warning LNK4099: PDB '_glui library.pdb' was not found with 'glui32.lib(glui_bitmaps.obj)' or at 'E:\Dropbox\University\Level 4\Advanced Programming\Mini-Golf David_George\Release\_glui library.pdb'; linking object as if no debug info
glui32.lib(glui_bitmap_img_data.obj) : warning LNK4099: PDB '_glui library.pdb' was not found with 'glui32.lib(glui_bitmap_img_data.obj)' or at 'E:\Dropbox\University\Level 4\Advanced Programming\Mini-Golf David_George\Release\_glui library.pdb'; linking object as if no debug info
glui32.lib(glui_button.obj) : warning LNK4099: PDB '_glui library.pdb' was not found with 'glui32.lib(glui_button.obj)' or at 'E:\Dropbox\University\Level 4\Advanced Programming\Mini-Golf David_George\Release\_glui library.pdb'; linking object as if no debug info
glui32.lib(glui_checkbox.obj) : warning LNK4099: PDB '_glui library.pdb' was not found with 'glui32.lib(glui_checkbox.obj)' or at 'E:\Dropbox\University\Level 4\Advanced Programming\Mini-Golf David_George\Release\_glui library.pdb'; linking object as if no debug info
glui32.lib(glui_column.obj) : warning LNK4099: PDB '_glui library.pdb' was not found with 'glui32.lib(glui_column.obj)' or at 'E:\Dropbox\University\Level 4\Advanced Programming\Mini-Golf David_George\Release\_glui library.pdb'; linking object as if no debug info
glui32.lib(glui_control.obj) : warning LNK4099: PDB '_glui library.pdb' was not found with 'glui32.lib(glui_control.obj)' or at 'E:\Dropbox\University\Level 4\Advanced Programming\Mini-Golf David_George\Release\_glui library.pdb'; linking object as if no debug info
glui32.lib(glui_edittext.obj) : warning LNK4099: PDB '_glui library.pdb' was not found with 'glui32.lib(glui_edittext.obj)' or at 'E:\Dropbox\University\Level 4\Advanced Programming\Mini-Golf David_George\Release\_glui library.pdb'; linking object as if no debug info
glui32.lib(glui_listbox.obj) : warning LNK4099: PDB '_glui library.pdb' was not found with 'glui32.lib(glui_listbox.obj)' or at 'E:\Dropbox\University\Level 4\Advanced Programming\Mini-Golf David_George\Release\_glui library.pdb'; linking object as if no debug info
glui32.lib(glui_mouse_iaction.obj) : warning LNK4099: PDB '_glui library.pdb' was not found with 'glui32.lib(glui_mouse_iaction.obj)' or at 'E:\Dropbox\University\Level 4\Advanced Programming\Mini-Golf David_George\Release\_glui library.pdb'; linking object as if no debug info
glui32.lib(glui_node.obj) : warning LNK4099: PDB '_glui library.pdb' was not found with 'glui32.lib(glui_node.obj)' or at 'E:\Dropbox\University\Level 4\Advanced Programming\Mini-Golf David_George\Release\_glui library.pdb'; linking object as if no debug info
glui32.lib(glui_panel.obj) : warning LNK4099: PDB '_glui library.pdb' was not found with 'glui32.lib(glui_panel.obj)' or at 'E:\Dropbox\University\Level 4\Advanced Programming\Mini-Golf David_George\Release\_glui library.pdb'; linking object as if no debug info
glui32.lib(glui_radio.obj) : warning LNK4099: PDB '_glui library.pdb' was not found with 'glui32.lib(glui_radio.obj)' or at 'E:\Dropbox\University\Level 4\Advanced Programming\Mini-Golf David_George\Release\_glui library.pdb'; linking object as if no debug info
glui32.lib(glui_rollout.obj) : warning LNK4099: PDB '_glui library.pdb' was not found with 'glui32.lib(glui_rollout.obj)' or at 'E:\Dropbox\University\Level 4\Advanced Programming\Mini-Golf David_George\Release\_glui library.pdb'; linking object as if no debug info
glui32.lib(glui_rotation.obj) : warning LNK4099: PDB '_glui library.pdb' was not found with 'glui32.lib(glui_rotation.obj)' or at 'E:\Dropbox\University\Level 4\Advanced Programming\Mini-Golf David_George\Release\_glui library.pdb'; linking object as if no debug info
glui32.lib(glui_separator.obj) : warning LNK4099: PDB '_glui library.pdb' was not found with 'glui32.lib(glui_separator.obj)' or at 'E:\Dropbox\University\Level 4\Advanced Programming\Mini-Golf David_George\Release\_glui library.pdb'; linking object as if no debug info
glui32.lib(glui_spinner.obj) : warning LNK4099: PDB '_glui library.pdb' was not found with 'glui32.lib(glui_spinner.obj)' or at 'E:\Dropbox\University\Level 4\Advanced Programming\Mini-Golf David_George\Release\_glui library.pdb'; linking object as if no debug info
glui32.lib(glui_statictext.obj) : warning LNK4099: PDB '_glui library.pdb' was not found with 'glui32.lib(glui_statictext.obj)' or at 'E:\Dropbox\University\Level 4\Advanced Programming\Mini-Golf David_George\Release\_glui library.pdb'; linking object as if no debug info
glui32.lib(glui_string.obj) : warning LNK4099: PDB '_glui library.pdb' was not found with 'glui32.lib(glui_string.obj)' or at 'E:\Dropbox\University\Level 4\Advanced Programming\Mini-Golf David_George\Release\_glui library.pdb'; linking object as if no debug info
glui32.lib(glui_translation.obj) : warning LNK4099: PDB '_glui library.pdb' was not found with 'glui32.lib(glui_translation.obj)' or at 'E:\Dropbox\University\Level 4\Advanced Programming\Mini-Golf David_George\Release\_glui library.pdb'; linking object as if no debug info
glui32.lib(glui_window.obj) : warning LNK4099: PDB '_glui library.pdb' was not found with 'glui32.lib(glui_window.obj)' or at 'E:\Dropbox\University\Level 4\Advanced Programming\Mini-Golf David_George\Release\_glui library.pdb'; linking object as if no debug info
glui32.lib(quaternion.obj) : warning LNK4099: PDB '_glui library.pdb' was not found with 'glui32.lib(quaternion.obj)' or at 'E:\Dropbox\University\Level 4\Advanced Programming\Mini-Golf David_George\Release\_glui library.pdb'; linking object as if no debug info
  Pool Game.vcxproj -> E:\Dropbox\University\Level 4\Advanced Programming\Mini-Golf David_George\Release\Minigolf.exe
